[0.013s] Invoking command in '/db1/Dropbox/Engineering/Udemy/Learn-by-Doing--Manipulators/arduinobot_ws/src/build/arduinobot_description': CMAKE_PREFIX_PATH=${CMAKE_PREFIX_PATH}:/home/rjjt/Dropbox/Engineering/Udemy/Learn-by-Doing--Manipulators/arduinobot_ws/install/arduinobot_py_examples:/opt/ros/jazzy /usr/bin/cmake /db1/Dropbox/Engineering/Udemy/Learn-by-Doing--Manipulators/arduinobot_ws/src/arduinobot_description -DCMAKE_INSTALL_PREFIX=/db1/Dropbox/Engineering/Udemy/Learn-by-Doing--Manipulators/arduinobot_ws/src/install/arduinobot_description
[0.071s] -- The C compiler identification is GNU 13.3.0
[0.127s] -- The CXX compiler identification is GNU 13.3.0
[0.151s] -- Detecting C compiler ABI info
[0.264s] -- Detecting C compiler ABI info - done
[0.273s] -- Check for working C compiler: /usr/bin/cc - skipped
[0.273s] -- Detecting C compile features
[0.274s] -- Detecting C compile features - done
[0.287s] -- Detecting CXX compiler ABI info
[0.414s] -- Detecting CXX compiler ABI info - done
[0.426s] -- Check for working CXX compiler: /usr/bin/c++ - skipped
[0.427s] -- Detecting CXX compile features
[0.427s] -- Detecting CXX compile features - done
[0.438s] -- Found ament_cmake: 2.5.3 (/opt/ros/jazzy/share/ament_cmake/cmake)
[0.602s] -- Found Python3: /usr/bin/python3 (found version "3.12.3") found components: Interpreter 
[0.753s] -- Found ament_lint_auto: 0.17.1 (/opt/ros/jazzy/share/ament_lint_auto/cmake)
[0.854s] -- Added test 'lint_cmake' to check CMake code style
[0.855s] -- Added test 'xmllint' to check XML markup files
[0.858s] -- Configuring done (0.8s)
[0.861s] -- Generating done (0.0s)
[0.863s] -- Build files have been written to: /db1/Dropbox/Engineering/Udemy/Learn-by-Doing--Manipulators/arduinobot_ws/src/build/arduinobot_description
[0.869s] Invoked command in '/db1/Dropbox/Engineering/Udemy/Learn-by-Doing--Manipulators/arduinobot_ws/src/build/arduinobot_description' returned '0': CMAKE_PREFIX_PATH=${CMAKE_PREFIX_PATH}:/home/rjjt/Dropbox/Engineering/Udemy/Learn-by-Doing--Manipulators/arduinobot_ws/install/arduinobot_py_examples:/opt/ros/jazzy /usr/bin/cmake /db1/Dropbox/Engineering/Udemy/Learn-by-Doing--Manipulators/arduinobot_ws/src/arduinobot_description -DCMAKE_INSTALL_PREFIX=/db1/Dropbox/Engineering/Udemy/Learn-by-Doing--Manipulators/arduinobot_ws/src/install/arduinobot_description
[0.871s] Invoking command in '/db1/Dropbox/Engineering/Udemy/Learn-by-Doing--Manipulators/arduinobot_ws/src/build/arduinobot_description': CMAKE_PREFIX_PATH=${CMAKE_PREFIX_PATH}:/home/rjjt/Dropbox/Engineering/Udemy/Learn-by-Doing--Manipulators/arduinobot_ws/install/arduinobot_py_examples:/opt/ros/jazzy /usr/bin/cmake --build /db1/Dropbox/Engineering/Udemy/Learn-by-Doing--Manipulators/arduinobot_ws/src/build/arduinobot_description -- -j48 -l48
[0.921s] Invoked command in '/db1/Dropbox/Engineering/Udemy/Learn-by-Doing--Manipulators/arduinobot_ws/src/build/arduinobot_description' returned '0': CMAKE_PREFIX_PATH=${CMAKE_PREFIX_PATH}:/home/rjjt/Dropbox/Engineering/Udemy/Learn-by-Doing--Manipulators/arduinobot_ws/install/arduinobot_py_examples:/opt/ros/jazzy /usr/bin/cmake --build /db1/Dropbox/Engineering/Udemy/Learn-by-Doing--Manipulators/arduinobot_ws/src/build/arduinobot_description -- -j48 -l48
[0.933s] Invoking command in '/db1/Dropbox/Engineering/Udemy/Learn-by-Doing--Manipulators/arduinobot_ws/src/build/arduinobot_description': CMAKE_PREFIX_PATH=${CMAKE_PREFIX_PATH}:/home/rjjt/Dropbox/Engineering/Udemy/Learn-by-Doing--Manipulators/arduinobot_ws/install/arduinobot_py_examples:/opt/ros/jazzy /usr/bin/cmake --install /db1/Dropbox/Engineering/Udemy/Learn-by-Doing--Manipulators/arduinobot_ws/src/build/arduinobot_description
[0.943s] -- Install configuration: ""
[0.943s] -- Installing: /db1/Dropbox/Engineering/Udemy/Learn-by-Doing--Manipulators/arduinobot_ws/src/install/arduinobot_description/share/ament_index/resource_index/package_run_dependencies/arduinobot_description
[0.944s] -- Installing: /db1/Dropbox/Engineering/Udemy/Learn-by-Doing--Manipulators/arduinobot_ws/src/install/arduinobot_description/share/ament_index/resource_index/parent_prefix_path/arduinobot_description
[0.944s] -- Installing: /db1/Dropbox/Engineering/Udemy/Learn-by-Doing--Manipulators/arduinobot_ws/src/install/arduinobot_description/share/arduinobot_description/environment/ament_prefix_path.sh
[0.944s] -- Installing: /db1/Dropbox/Engineering/Udemy/Learn-by-Doing--Manipulators/arduinobot_ws/src/install/arduinobot_description/share/arduinobot_description/environment/ament_prefix_path.dsv
[0.944s] -- Installing: /db1/Dropbox/Engineering/Udemy/Learn-by-Doing--Manipulators/arduinobot_ws/src/install/arduinobot_description/share/arduinobot_description/environment/path.sh
[0.944s] -- Installing: /db1/Dropbox/Engineering/Udemy/Learn-by-Doing--Manipulators/arduinobot_ws/src/install/arduinobot_description/share/arduinobot_description/environment/path.dsv
[0.944s] -- Installing: /db1/Dropbox/Engineering/Udemy/Learn-by-Doing--Manipulators/arduinobot_ws/src/install/arduinobot_description/share/arduinobot_description/local_setup.bash
[0.945s] -- Installing: /db1/Dropbox/Engineering/Udemy/Learn-by-Doing--Manipulators/arduinobot_ws/src/install/arduinobot_description/share/arduinobot_description/local_setup.sh
[0.945s] -- Installing: /db1/Dropbox/Engineering/Udemy/Learn-by-Doing--Manipulators/arduinobot_ws/src/install/arduinobot_description/share/arduinobot_description/local_setup.zsh
[0.945s] -- Installing: /db1/Dropbox/Engineering/Udemy/Learn-by-Doing--Manipulators/arduinobot_ws/src/install/arduinobot_description/share/arduinobot_description/local_setup.dsv
[0.945s] -- Installing: /db1/Dropbox/Engineering/Udemy/Learn-by-Doing--Manipulators/arduinobot_ws/src/install/arduinobot_description/share/arduinobot_description/package.dsv
[0.945s] -- Installing: /db1/Dropbox/Engineering/Udemy/Learn-by-Doing--Manipulators/arduinobot_ws/src/install/arduinobot_description/share/ament_index/resource_index/packages/arduinobot_description
[0.945s] -- Installing: /db1/Dropbox/Engineering/Udemy/Learn-by-Doing--Manipulators/arduinobot_ws/src/install/arduinobot_description/share/arduinobot_description/cmake/arduinobot_descriptionConfig.cmake
[0.946s] -- Installing: /db1/Dropbox/Engineering/Udemy/Learn-by-Doing--Manipulators/arduinobot_ws/src/install/arduinobot_description/share/arduinobot_description/cmake/arduinobot_descriptionConfig-version.cmake
[0.946s] -- Installing: /db1/Dropbox/Engineering/Udemy/Learn-by-Doing--Manipulators/arduinobot_ws/src/install/arduinobot_description/share/arduinobot_description/package.xml
[0.948s] Invoked command in '/db1/Dropbox/Engineering/Udemy/Learn-by-Doing--Manipulators/arduinobot_ws/src/build/arduinobot_description' returned '0': CMAKE_PREFIX_PATH=${CMAKE_PREFIX_PATH}:/home/rjjt/Dropbox/Engineering/Udemy/Learn-by-Doing--Manipulators/arduinobot_ws/install/arduinobot_py_examples:/opt/ros/jazzy /usr/bin/cmake --install /db1/Dropbox/Engineering/Udemy/Learn-by-Doing--Manipulators/arduinobot_ws/src/build/arduinobot_description
