[0.015s] Invoking command in '/db1/Dropbox/Engineering/Udemy/Learn-by-Doing--Manipulators/arduinobot_ws/src/build/arduinobot_cpp_examples': CMAKE_PREFIX_PATH=${CMAKE_PREFIX_PATH}:/home/rjjt/Dropbox/Engineering/Udemy/Learn-by-Doing--Manipulators/arduinobot_ws/install/arduinobot_py_examples:/opt/ros/jazzy /usr/bin/cmake /db1/Dropbox/Engineering/Udemy/Learn-by-Doing--Manipulators/arduinobot_ws/src/arduinobot_cpp_examples -DCMAKE_INSTALL_PREFIX=/db1/Dropbox/Engineering/Udemy/Learn-by-Doing--Manipulators/arduinobot_ws/src/install/arduinobot_cpp_examples
[0.076s] -- The C compiler identification is GNU 13.3.0
[0.131s] -- The CXX compiler identification is GNU 13.3.0
[0.158s] -- Detecting C compiler ABI info
[0.272s] -- Detecting C compiler ABI info - done
[0.289s] -- Check for working C compiler: /usr/bin/cc - skipped
[0.290s] -- Detecting C compile features
[0.290s] -- Detecting C compile features - done
[0.303s] -- Detecting CXX compiler ABI info
[0.425s] -- Detecting CXX compiler ABI info - done
[0.434s] -- Check for working CXX compiler: /usr/bin/c++ - skipped
[0.434s] -- Detecting CXX compile features
[0.434s] -- Detecting CXX compile features - done
[0.440s] -- Found ament_cmake: 2.5.3 (/opt/ros/jazzy/share/ament_cmake/cmake)
[0.597s] -- Found Python3: /usr/bin/python3 (found version "3.12.3") found components: Interpreter 
[0.746s] -- Found rclcpp: 28.1.6 (/opt/ros/jazzy/share/rclcpp/cmake)
[0.807s] -- Found rosidl_generator_c: 4.6.5 (/opt/ros/jazzy/share/rosidl_generator_c/cmake)
[0.827s] -- Found rosidl_generator_cpp: 4.6.5 (/opt/ros/jazzy/share/rosidl_generator_cpp/cmake)
[0.848s] -- Using all available rosidl_typesupport_c: rosidl_typesupport_fastrtps_c;rosidl_typesupport_introspection_c
[0.872s] -- Using all available rosidl_typesupport_cpp: rosidl_typesupport_fastrtps_cpp;rosidl_typesupport_introspection_cpp
[0.967s] -- Found rmw_implementation_cmake: 7.3.1 (/opt/ros/jazzy/share/rmw_implementation_cmake/cmake)
[0.972s] -- Found rmw_fastrtps_cpp: 8.4.1 (/opt/ros/jazzy/share/rmw_fastrtps_cpp/cmake)
[1.094s] -- Found OpenSSL: /usr/lib/x86_64-linux-gnu/libcrypto.so (found version "3.0.13")  
[1.117s] -- Found FastRTPS: /opt/ros/jazzy/include (Required is at least version "2.13") 
[1.141s] -- Using RMW implementation 'rmw_fastrtps_cpp' as default
[1.227s] -- Found std_msgs: 5.3.5 (/opt/ros/jazzy/share/std_msgs/cmake)
[1.244s] -- Found ament_lint_auto: 0.17.1 (/opt/ros/jazzy/share/ament_lint_auto/cmake)
[1.346s] -- Added test 'cppcheck' to perform static code analysis on C / C++ code
[1.346s] -- Configured cppcheck include dirs: 
[1.346s] -- Configured cppcheck exclude dirs and/or files: 
[1.347s] -- Added test 'lint_cmake' to check CMake code style
[1.349s] -- Added test 'uncrustify' to check C / C++ code style
[1.349s] -- Configured uncrustify additional arguments: 
[1.350s] -- Added test 'xmllint' to check XML markup files
[1.352s] -- Configuring done (1.3s)
[1.365s] -- Generating done (0.0s)
[1.370s] -- Build files have been written to: /db1/Dropbox/Engineering/Udemy/Learn-by-Doing--Manipulators/arduinobot_ws/src/build/arduinobot_cpp_examples
[1.381s] Invoked command in '/db1/Dropbox/Engineering/Udemy/Learn-by-Doing--Manipulators/arduinobot_ws/src/build/arduinobot_cpp_examples' returned '0': CMAKE_PREFIX_PATH=${CMAKE_PREFIX_PATH}:/home/rjjt/Dropbox/Engineering/Udemy/Learn-by-Doing--Manipulators/arduinobot_ws/install/arduinobot_py_examples:/opt/ros/jazzy /usr/bin/cmake /db1/Dropbox/Engineering/Udemy/Learn-by-Doing--Manipulators/arduinobot_ws/src/arduinobot_cpp_examples -DCMAKE_INSTALL_PREFIX=/db1/Dropbox/Engineering/Udemy/Learn-by-Doing--Manipulators/arduinobot_ws/src/install/arduinobot_cpp_examples
[1.383s] Invoking command in '/db1/Dropbox/Engineering/Udemy/Learn-by-Doing--Manipulators/arduinobot_ws/src/build/arduinobot_cpp_examples': CMAKE_PREFIX_PATH=${CMAKE_PREFIX_PATH}:/home/rjjt/Dropbox/Engineering/Udemy/Learn-by-Doing--Manipulators/arduinobot_ws/install/arduinobot_py_examples:/opt/ros/jazzy /usr/bin/cmake --build /db1/Dropbox/Engineering/Udemy/Learn-by-Doing--Manipulators/arduinobot_ws/src/build/arduinobot_cpp_examples -- -j48 -l48
[1.448s] [ 25%] [32mBuilding CXX object CMakeFiles/simple_publisher.dir/src/simple_publisher.cpp.o[0m
[1.453s] [ 50%] [32mBuilding CXX object CMakeFiles/simple_subscriber.dir/src/simple_subscriber.cpp.o[0m
[4.612s] [ 75%] [32m[1mLinking CXX executable simple_publisher[0m
[4.757s] [ 75%] Built target simple_publisher
[6.923s] [100%] [32m[1mLinking CXX executable simple_subscriber[0m
[7.157s] [100%] Built target simple_subscriber
[7.172s] Invoked command in '/db1/Dropbox/Engineering/Udemy/Learn-by-Doing--Manipulators/arduinobot_ws/src/build/arduinobot_cpp_examples' returned '0': CMAKE_PREFIX_PATH=${CMAKE_PREFIX_PATH}:/home/rjjt/Dropbox/Engineering/Udemy/Learn-by-Doing--Manipulators/arduinobot_ws/install/arduinobot_py_examples:/opt/ros/jazzy /usr/bin/cmake --build /db1/Dropbox/Engineering/Udemy/Learn-by-Doing--Manipulators/arduinobot_ws/src/build/arduinobot_cpp_examples -- -j48 -l48
[7.173s] Invoking command in '/db1/Dropbox/Engineering/Udemy/Learn-by-Doing--Manipulators/arduinobot_ws/src/build/arduinobot_cpp_examples': CMAKE_PREFIX_PATH=${CMAKE_PREFIX_PATH}:/home/rjjt/Dropbox/Engineering/Udemy/Learn-by-Doing--Manipulators/arduinobot_ws/install/arduinobot_py_examples:/opt/ros/jazzy /usr/bin/cmake --install /db1/Dropbox/Engineering/Udemy/Learn-by-Doing--Manipulators/arduinobot_ws/src/build/arduinobot_cpp_examples
[7.183s] -- Install configuration: ""
[7.183s] -- Installing: /db1/Dropbox/Engineering/Udemy/Learn-by-Doing--Manipulators/arduinobot_ws/src/install/arduinobot_cpp_examples/lib/arduinobot_cpp_examples/simple_publisher
[7.185s] -- Set non-toolchain portion of runtime path of "/db1/Dropbox/Engineering/Udemy/Learn-by-Doing--Manipulators/arduinobot_ws/src/install/arduinobot_cpp_examples/lib/arduinobot_cpp_examples/simple_publisher" to ""
[7.185s] -- Installing: /db1/Dropbox/Engineering/Udemy/Learn-by-Doing--Manipulators/arduinobot_ws/src/install/arduinobot_cpp_examples/lib/arduinobot_cpp_examples/simple_subscriber
[7.189s] -- Set non-toolchain portion of runtime path of "/db1/Dropbox/Engineering/Udemy/Learn-by-Doing--Manipulators/arduinobot_ws/src/install/arduinobot_cpp_examples/lib/arduinobot_cpp_examples/simple_subscriber" to ""
[7.190s] -- Installing: /db1/Dropbox/Engineering/Udemy/Learn-by-Doing--Manipulators/arduinobot_ws/src/install/arduinobot_cpp_examples/share/ament_index/resource_index/package_run_dependencies/arduinobot_cpp_examples
[7.190s] -- Installing: /db1/Dropbox/Engineering/Udemy/Learn-by-Doing--Manipulators/arduinobot_ws/src/install/arduinobot_cpp_examples/share/ament_index/resource_index/parent_prefix_path/arduinobot_cpp_examples
[7.190s] -- Installing: /db1/Dropbox/Engineering/Udemy/Learn-by-Doing--Manipulators/arduinobot_ws/src/install/arduinobot_cpp_examples/share/arduinobot_cpp_examples/environment/ament_prefix_path.sh
[7.190s] -- Installing: /db1/Dropbox/Engineering/Udemy/Learn-by-Doing--Manipulators/arduinobot_ws/src/install/arduinobot_cpp_examples/share/arduinobot_cpp_examples/environment/ament_prefix_path.dsv
[7.190s] -- Installing: /db1/Dropbox/Engineering/Udemy/Learn-by-Doing--Manipulators/arduinobot_ws/src/install/arduinobot_cpp_examples/share/arduinobot_cpp_examples/environment/path.sh
[7.190s] -- Installing: /db1/Dropbox/Engineering/Udemy/Learn-by-Doing--Manipulators/arduinobot_ws/src/install/arduinobot_cpp_examples/share/arduinobot_cpp_examples/environment/path.dsv
[7.191s] -- Installing: /db1/Dropbox/Engineering/Udemy/Learn-by-Doing--Manipulators/arduinobot_ws/src/install/arduinobot_cpp_examples/share/arduinobot_cpp_examples/local_setup.bash
[7.191s] -- Installing: /db1/Dropbox/Engineering/Udemy/Learn-by-Doing--Manipulators/arduinobot_ws/src/install/arduinobot_cpp_examples/share/arduinobot_cpp_examples/local_setup.sh
[7.191s] -- Installing: /db1/Dropbox/Engineering/Udemy/Learn-by-Doing--Manipulators/arduinobot_ws/src/install/arduinobot_cpp_examples/share/arduinobot_cpp_examples/local_setup.zsh
[7.191s] -- Installing: /db1/Dropbox/Engineering/Udemy/Learn-by-Doing--Manipulators/arduinobot_ws/src/install/arduinobot_cpp_examples/share/arduinobot_cpp_examples/local_setup.dsv
[7.191s] -- Installing: /db1/Dropbox/Engineering/Udemy/Learn-by-Doing--Manipulators/arduinobot_ws/src/install/arduinobot_cpp_examples/share/arduinobot_cpp_examples/package.dsv
[7.191s] -- Installing: /db1/Dropbox/Engineering/Udemy/Learn-by-Doing--Manipulators/arduinobot_ws/src/install/arduinobot_cpp_examples/share/ament_index/resource_index/packages/arduinobot_cpp_examples
[7.192s] -- Installing: /db1/Dropbox/Engineering/Udemy/Learn-by-Doing--Manipulators/arduinobot_ws/src/install/arduinobot_cpp_examples/share/arduinobot_cpp_examples/cmake/arduinobot_cpp_examplesConfig.cmake
[7.192s] -- Installing: /db1/Dropbox/Engineering/Udemy/Learn-by-Doing--Manipulators/arduinobot_ws/src/install/arduinobot_cpp_examples/share/arduinobot_cpp_examples/cmake/arduinobot_cpp_examplesConfig-version.cmake
[7.192s] -- Installing: /db1/Dropbox/Engineering/Udemy/Learn-by-Doing--Manipulators/arduinobot_ws/src/install/arduinobot_cpp_examples/share/arduinobot_cpp_examples/package.xml
[7.195s] Invoked command in '/db1/Dropbox/Engineering/Udemy/Learn-by-Doing--Manipulators/arduinobot_ws/src/build/arduinobot_cpp_examples' returned '0': CMAKE_PREFIX_PATH=${CMAKE_PREFIX_PATH}:/home/rjjt/Dropbox/Engineering/Udemy/Learn-by-Doing--Manipulators/arduinobot_ws/install/arduinobot_py_examples:/opt/ros/jazzy /usr/bin/cmake --install /db1/Dropbox/Engineering/Udemy/Learn-by-Doing--Manipulators/arduinobot_ws/src/build/arduinobot_cpp_examples
